2025-04-18T19:00:55.877501Z  INFO dex_bot_ab_backend::routes::liquidity_op: Processing liquidity operation: CancelOrder { order_id: ffb8af68-3405-4eb5-af75-2cc67b1ae059 }
2025-04-18T19:00:55.877629Z  INFO dex_bot_ab_backend::utils::liquidity_handler: Liquidity operation with id=6a2b559b-aa2a-4a5e-8ca3-0708e0f40be0 and type=CancelOrder { order_id: ffb8af68-3405-4eb5-af75-2cc67b1ae059 } initiated
2025-04-18T19:00:57.469273Z  INFO dex_bot_ab_backend::routes::liquidity_op: Processing liquidity operation: CancelOrder { order_id: 091e1cce-f8a7-4078-8fe2-99088524997b }
2025-04-18T19:00:57.469338Z  INFO dex_bot_ab_backend::utils::liquidity_handler: Liquidity operation with id=0a0b3850-8768-4ca5-acef-b03dc2605fe3 and type=CancelOrder { order_id: 091e1cce-f8a7-4078-8fe2-99088524997b } initiated
2025-04-18T19:00:58.529436Z  INFO dex_bot_ab_backend::routes::liquidity_op: Processing liquidity operation: CancelOrder { order_id: c9361381-68a8-4d5a-9deb-2a2c0623f09a }
2025-04-18T19:00:58.529497Z  INFO dex_bot_ab_backend::utils::liquidity_handler: Liquidity operation with id=812d50be-c4f2-45ea-93f3-3107a0eeb774 and type=CancelOrder { order_id: c9361381-68a8-4d5a-9deb-2a2c0623f09a } initiated
2025-04-18T19:00:59.540904Z  INFO dex_bot_ab_backend::routes::liquidity_op: Processing liquidity operation: CancelOrder { order_id: 9d0ed4fa-8d1b-4744-b848-2ece436e1a5a }
2025-04-18T19:00:59.540968Z  INFO dex_bot_ab_backend::utils::liquidity_handler: Liquidity operation with id=7bf12902-d91e-4751-bddb-b0b49bcb3cca and type=CancelOrder { order_id: 9d0ed4fa-8d1b-4744-b848-2ece436e1a5a } initiated
2025-04-18T19:01:00.297752Z  INFO dex_bot_ab_backend::routes::liquidity_op: Processing liquidity operation: CancelOrder { order_id: 7e555887-9361-4bdb-9a43-5a79066f958c }
2025-04-18T19:01:00.297817Z  INFO dex_bot_ab_backend::utils::liquidity_handler: Liquidity operation with id=7fcd94a5-2f08-427f-a632-8487d0109fd9 and type=CancelOrder { order_id: 7e555887-9361-4bdb-9a43-5a79066f958c } initiated
2025-04-18T19:01:00.668008Z  INFO dex_bot_ab_backend::utils::liquidity_handler: Getting mint preview...
2025-04-18T19:01:00.736108Z  INFO dex_bot_ab_backend::utils::liquidity_handler: Current ratio AERO vs WETH is 6605.9384120871455 (limit=23)
2025-04-18T19:01:01.191883Z  INFO dex_bot_ab_backend::routes::liquidity_op: Processing liquidity operation: CancelOrder { order_id: 2cd9c1c5-1156-46b8-9841-6dccb17d5576 }
2025-04-18T19:01:01.192047Z  INFO dex_bot_ab_backend::utils::liquidity_handler: Liquidity operation with id=366a98f3-ff1b-48c0-bcd9-47deeccc9c65 and type=CancelOrder { order_id: 2cd9c1c5-1156-46b8-9841-6dccb17d5576 } initiated
2025-04-18T19:10:09.405932Z  INFO dex_bot_ab_backend::routes::liquidity_op: Processing liquidity operation: LimitOrder { usdc_amount: "600000", limit_price: 0.386001, token: "0x940181a94A35A4569E4529A3CDfB74e38FD98631" }
2025-04-18T19:10:09.405961Z  INFO dex_bot_ab_backend::utils::liquidity_handler: Getting metadata...
2025-04-18T19:10:09.515471Z  INFO dex_bot_ab_backend::utils::liquidity_handler: Picking the right chainlink aggregator...
2025-04-18T19:10:09.515498Z  INFO dex_bot_ab_backend::utils::liquidity_handler: Aggregator picked: 0x4EC5970fC728C5f65ba413992CD5fF6FD70fcfF0
2025-04-18T19:10:09.515511Z  INFO dex_bot_ab_backend::utils::liquidity_handler: Spawning a monitoring task...
2025-04-18T19:10:09.515558Z  INFO dex_bot_ab_backend::utils::liquidity_handler: Liquidity operation with id=b605ff93-28a5-4b41-b02e-07b5dd1ea29c and type=LimitOrder { usdc_amount: "600000", limit_price: 0.386001, token: "0x940181a94A35A4569E4529A3CDfB74e38FD98631" } initiated
2025-04-18T19:10:09.515633Z  INFO dex_bot_ab_backend::utils::liquidity_handler: Starting limit_order monitoring for account 0x6279f81f3758d1BFd05eFDF96E3979ddCca99Eab with target token 0x940181a94A35A4569E4529A3CDfB74e38FD98631 at limit 0.386001
2025-04-18T19:10:09.770717Z  INFO dex_bot_ab_backend::utils::liquidity_handler: usdc_amount_in: 600000
2025-04-18T19:10:09.770736Z  INFO dex_bot_ab_backend::utils::liquidity_handler: min_out: 1500786652463749470
2025-04-18T19:10:09.770739Z  INFO dex_bot_ab_backend::utils::liquidity_handler: Route: from=0x833589fCD6eDb6E08f4c7C32D4f71b54bdA02913 to=0x940181a94A35A4569E4529A3CDfB74e38FD98631 stable=false factory=0x420DD381b31aEf6683db6B902084cB0FFECe40Da
2025-04-18T19:10:09.770747Z  INFO dex_bot_ab_backend::utils::liquidity_handler: user_addr: 0x6279f81f3758d1BFd05eFDF96E3979ddCca99Eab
2025-04-18T19:10:09.770749Z  INFO dex_bot_ab_backend::utils::liquidity_handler: deadline: 1745005209
2025-04-18T19:10:12.676513Z  INFO dex_bot_ab_backend::utils::liquidity_handler: do_single_swap: Swapped 600000 subunits of USDC for at least 1500786652463749470 token_out. Tx=0x0a4693304f53ef4eba1498e3cf070045fc58848effa40103edba744a7820775c
2025-04-18T19:10:16.564858Z  INFO dex_bot_ab_backend::utils::event_subscription: LiquidityManager event 'StakeExecuted' received at block 29107034: tx_hash=Some(0xfcc0a945a3882b261c4c912a07aaba17ef5f0bf9a1a59eb7bad6de5fdf972083)
2025-04-18T19:10:46.543361Z  INFO dex_bot_ab_backend::routes::liquidity_op: Processing liquidity operation: CancelOrder { order_id: b605ff93-28a5-4b41-b02e-07b5dd1ea29c }
2025-04-18T19:10:46.543429Z  INFO dex_bot_ab_backend::utils::liquidity_handler: Liquidity operation with id=ae3bf3e2-d989-4a04-84e2-2c4e4b5a5f44 and type=CancelOrder { order_id: b605ff93-28a5-4b41-b02e-07b5dd1ea29c } initiated
2025-04-18T19:23:41.394996Z  INFO dex_bot_ab_backend::routes::liquidity_op: Processing liquidity operation: LimitOrder { usdc_amount: "600000", limit_price: 0.386, token: "0x940181a94A35A4569E4529A3CDfB74e38FD98631" }
2025-04-18T19:23:41.395029Z  INFO dex_bot_ab_backend::utils::liquidity_handler: Getting metadata...
2025-04-18T19:23:41.545583Z  INFO dex_bot_ab_backend::utils::liquidity_handler: Picking the right chainlink aggregator...
2025-04-18T19:23:41.545608Z  INFO dex_bot_ab_backend::utils::liquidity_handler: Aggregator picked: 0x4EC5970fC728C5f65ba413992CD5fF6FD70fcfF0
2025-04-18T19:23:41.545620Z  INFO dex_bot_ab_backend::utils::liquidity_handler: Spawning a monitoring task...
2025-04-18T19:23:41.545672Z  INFO dex_bot_ab_backend::utils::liquidity_handler: Liquidity operation with id=0032f043-aac9-42f0-abb9-9f87391668da and type=LimitOrder { usdc_amount: "600000", limit_price: 0.386, token: "0x940181a94A35A4569E4529A3CDfB74e38FD98631" } initiated
2025-04-18T19:23:41.545754Z  INFO dex_bot_ab_backend::utils::liquidity_handler: Starting limit_order monitoring for account 0x6279f81f3758d1BFd05eFDF96E3979ddCca99Eab with target token 0x940181a94A35A4569E4529A3CDfB74e38FD98631 at limit 0.386
2025-04-18T19:23:41.835034Z  INFO dex_bot_ab_backend::utils::liquidity_handler: usdc_amount_in: 600000
2025-04-18T19:23:41.835053Z  INFO dex_bot_ab_backend::utils::liquidity_handler: min_out: 1500765883772203092
2025-04-18T19:23:41.835056Z  INFO dex_bot_ab_backend::utils::liquidity_handler: Route: from=0x833589fCD6eDb6E08f4c7C32D4f71b54bdA02913 to=0x940181a94A35A4569E4529A3CDfB74e38FD98631 stable=false factory=0x420DD381b31aEf6683db6B902084cB0FFECe40Da
2025-04-18T19:23:41.835063Z  INFO dex_bot_ab_backend::utils::liquidity_handler: user_addr: 0x6279f81f3758d1BFd05eFDF96E3979ddCca99Eab
2025-04-18T19:23:41.835066Z  INFO dex_bot_ab_backend::utils::liquidity_handler: deadline: 1745006021
2025-04-18T19:23:46.255166Z  INFO dex_bot_ab_backend::utils::liquidity_handler: do_single_swap: Swapped 600000 subunits of USDC for at least 1500765883772203092 token_out. Tx=0xab9d2a3891d3d49daa2636f021031d6c4dc8da1b2a05133926b3b646edfacc32
2025-04-18T19:23:50.782573Z  INFO dex_bot_ab_backend::utils::event_subscription: LiquidityManager event 'StakeExecuted' received at block 29107441: tx_hash=Some(0x5fddcca1adc67ea6ca54ee90f96e65a7ee8a3cbf25826163005b6d3ae123729e)
2025-04-18T19:42:46.984315Z  INFO dex_bot_ab_backend::routes::liquidity_op: Processing liquidity operation: CancelOrder { order_id: 0032f043-aac9-42f0-abb9-9f87391668da }
2025-04-18T19:42:46.984376Z  INFO dex_bot_ab_backend::utils::liquidity_handler: Liquidity operation with id=262afcd9-3568-4084-84d0-36f7e5ecb72c and type=CancelOrder { order_id: 0032f043-aac9-42f0-abb9-9f87391668da } initiated
2025-04-18T19:42:55.963797Z  INFO dex_bot_ab_backend::routes::liquidity_op: Processing liquidity operation: LimitOrder { usdc_amount: "1000000", limit_price: 0.388066, token: "0x940181a94A35A4569E4529A3CDfB74e38FD98631" }
2025-04-18T19:42:55.963827Z  INFO dex_bot_ab_backend::utils::liquidity_handler: Getting metadata...
2025-04-18T19:42:56.096643Z  INFO dex_bot_ab_backend::utils::liquidity_handler: Picking the right chainlink aggregator...
2025-04-18T19:42:56.096670Z  INFO dex_bot_ab_backend::utils::liquidity_handler: Aggregator picked: 0x4EC5970fC728C5f65ba413992CD5fF6FD70fcfF0
2025-04-18T19:42:56.096681Z  INFO dex_bot_ab_backend::utils::liquidity_handler: Spawning a monitoring task...
2025-04-18T19:42:56.096732Z  INFO dex_bot_ab_backend::utils::liquidity_handler: Liquidity operation with id=c948293d-b747-46fa-abde-9f33df0f1a42 and type=LimitOrder { usdc_amount: "1000000", limit_price: 0.388066, token: "0x940181a94A35A4569E4529A3CDfB74e38FD98631" } initiated
2025-04-18T19:42:56.096821Z  INFO dex_bot_ab_backend::utils::liquidity_handler: Starting limit_order monitoring for account 0x6279f81f3758d1BFd05eFDF96E3979ddCca99Eab with target token 0x940181a94A35A4569E4529A3CDfB74e38FD98631 at limit 0.388066
2025-04-18T19:42:56.382017Z  INFO dex_bot_ab_backend::utils::liquidity_handler: usdc_amount_in: 1000000
2025-04-18T19:42:56.382034Z  INFO dex_bot_ab_backend::utils::liquidity_handler: min_out: 2498808407020276428
2025-04-18T19:42:56.382037Z  INFO dex_bot_ab_backend::utils::liquidity_handler: Route: from=0x833589fCD6eDb6E08f4c7C32D4f71b54bdA02913 to=0x940181a94A35A4569E4529A3CDfB74e38FD98631 stable=false factory=0x420DD381b31aEf6683db6B902084cB0FFECe40Da
2025-04-18T19:42:56.382046Z  INFO dex_bot_ab_backend::utils::liquidity_handler: user_addr: 0x6279f81f3758d1BFd05eFDF96E3979ddCca99Eab
2025-04-18T19:42:56.382048Z  INFO dex_bot_ab_backend::utils::liquidity_handler: deadline: 1745007176
2025-04-18T19:43:02.494416Z  INFO dex_bot_ab_backend::utils::liquidity_handler: do_single_swap: Swapped 1000000 subunits of USDC for at least 2498808407020276428 token_out. Tx=0x497e8e7471c34d10518c615357d54518649eec2076e6bb25e13b9121aaafe8b6
2025-04-18T19:43:07.093835Z  INFO dex_bot_ab_backend::utils::event_subscription: LiquidityManager event 'StakeExecuted' received at block 29108019: tx_hash=Some(0x5c1fb77b2d5cd1ec051097a423bef75e5dcbbcb1a8aa64d2ee29c3727fdb7f9b)
2025-04-18T19:43:26.439321Z  INFO dex_bot_ab_backend::routes::liquidity_op: Processing liquidity operation: CancelOrder { order_id: c948293d-b747-46fa-abde-9f33df0f1a42 }
2025-04-18T19:43:26.439381Z  INFO dex_bot_ab_backend::utils::liquidity_handler: Liquidity operation with id=f37c5fd6-3f59-4374-80c7-26bc40e8cf6b and type=CancelOrder { order_id: c948293d-b747-46fa-abde-9f33df0f1a42 } initiated
2025-04-18T19:49:19.463304Z  INFO dex_bot_ab_backend::routes::liquidity_op: Processing liquidity operation: LimitOrder { usdc_amount: "1000000", limit_price: 0.385925, token: "0x940181a94A35A4569E4529A3CDfB74e38FD98631" }
2025-04-18T19:49:19.463332Z  INFO dex_bot_ab_backend::utils::liquidity_handler: Getting metadata...
2025-04-18T19:49:19.577591Z  INFO dex_bot_ab_backend::utils::liquidity_handler: Picking the right chainlink aggregator...
2025-04-18T19:49:19.577619Z  INFO dex_bot_ab_backend::utils::liquidity_handler: Aggregator picked: 0x4EC5970fC728C5f65ba413992CD5fF6FD70fcfF0
2025-04-18T19:49:19.577632Z  INFO dex_bot_ab_backend::utils::liquidity_handler: Spawning a monitoring task...
2025-04-18T19:49:19.577681Z  INFO dex_bot_ab_backend::utils::liquidity_handler: Liquidity operation with id=05805d96-a2c3-4c3c-bba8-21d02f8f4092 and type=LimitOrder { usdc_amount: "1000000", limit_price: 0.385925, token: "0x940181a94A35A4569E4529A3CDfB74e38FD98631" } initiated
2025-04-18T19:49:19.577807Z  INFO dex_bot_ab_backend::utils::liquidity_handler: Starting limit_order monitoring for account 0x6279f81f3758d1BFd05eFDF96E3979ddCca99Eab with target token 0x940181a94A35A4569E4529A3CDfB74e38FD98631 at limit 0.385925
2025-04-18T19:49:19.834441Z  INFO dex_bot_ab_backend::utils::liquidity_handler: usdc_amount_in: 1000000
2025-04-18T19:49:19.834459Z  INFO dex_bot_ab_backend::utils::liquidity_handler: min_out: 2499545568054663509
2025-04-18T19:49:19.834462Z  INFO dex_bot_ab_backend::utils::liquidity_handler: Route: from=0x833589fCD6eDb6E08f4c7C32D4f71b54bdA02913 to=0x940181a94A35A4569E4529A3CDfB74e38FD98631 stable=false factory=0x420DD381b31aEf6683db6B902084cB0FFECe40Da
2025-04-18T19:49:19.834469Z  INFO dex_bot_ab_backend::utils::liquidity_handler: user_addr: 0x6279f81f3758d1BFd05eFDF96E3979ddCca99Eab
2025-04-18T19:49:19.834471Z  INFO dex_bot_ab_backend::utils::liquidity_handler: deadline: 1745007559
2025-04-18T19:49:22.228077Z  INFO dex_bot_ab_backend::utils::liquidity_handler: do_single_swap: Swapped 1000000 subunits of USDC for at least 2499545568054663509 token_out. Tx=0xee18e7c1e75e790227542b351004d3edc2ed6674d0179e217c09f2218fc65831
2025-04-18T19:49:22.613834Z ERROR dex_bot_ab_backend::utils::liquidity_handler: Limit order monitoring failed for 0x6279f81f3758d1BFd05eFDF96E3979ddCca99Eab: ServerError(Insufficient token0 balance

Stack backtrace:
   0: anyhow::error::<impl anyhow::Error>::msg
   1: dex_bot_ab_backend::utils::liquidity_handler::<impl dex_bot_ab_backend::routes::liquidity_op::LiquidityOperation>::limit_order::{{closure}}::{{closure}}::{{closure}}
   2: dex_bot_ab_backend::utils::liquidity_handler::<impl dex_bot_ab_backend::routes::liquidity_op::LiquidityOperation>::limit_order::{{closure}}::{{closure}}
   3: tokio::runtime::task::core::Core<T,S>::poll
   4: tokio::runtime::task::harness::Harness<T,S>::poll
   5: tokio::runtime::scheduler::multi_thread::worker::Context::run_task
   6: tokio::runtime::scheduler::multi_thread::worker::Context::run
   7: tokio::runtime::context::runtime::enter_runtime
   8: tokio::runtime::scheduler::multi_thread::worker::run
   9: <tokio::runtime::blocking::task::BlockingTask<T> as core::future::future::Future>::poll
  10: tokio::runtime::task::core::Core<T,S>::poll
  11: tokio::runtime::task::harness::Harness<T,S>::poll
  12: tokio::runtime::blocking::pool::Inner::run
  13: std::sys::backtrace::__rust_begin_short_backtrace
  14: core::ops::function::FnOnce::call_once{{vtable.shim}}
  15: std::sys::pal::unix::thread::Thread::new::thread_start
  16: <unknown>
  17: <unknown>),    0: anyhow::error::<impl anyhow::Error>::msg
   1: dex_bot_ab_backend::utils::liquidity_handler::<impl dex_bot_ab_backend::routes::liquidity_op::LiquidityOperation>::limit_order::{{closure}}::{{closure}}::{{closure}}
   2: dex_bot_ab_backend::utils::liquidity_handler::<impl dex_bot_ab_backend::routes::liquidity_op::LiquidityOperation>::limit_order::{{closure}}::{{closure}}
   3: tokio::runtime::task::core::Core<T,S>::poll
   4: tokio::runtime::task::harness::Harness<T,S>::poll
   5: tokio::runtime::scheduler::multi_thread::worker::Context::run_task
   6: tokio::runtime::scheduler::multi_thread::worker::Context::run
   7: tokio::runtime::context::runtime::enter_runtime
   8: tokio::runtime::scheduler::multi_thread::worker::run
   9: <tokio::runtime::blocking::task::BlockingTask<T> as core::future::future::Future>::poll
  10: tokio::runtime::task::core::Core<T,S>::poll
  11: tokio::runtime::task::harness::Harness<T,S>::poll
  12: tokio::runtime::blocking::pool::Inner::run
  13: std::sys::backtrace::__rust_begin_short_backtrace
  14: core::ops::function::FnOnce::call_once{{vtable.shim}}
  15: std::sys::pal::unix::thread::Thread::new::thread_start
  16: <unknown>
  17: <unknown>

2025-04-18T20:17:38.505533Z  INFO dex_bot_ab_backend::utils::event_subscription: LiquidityManager event 'UnstakeExecuted' received at block 29109055: tx_hash=Some(0xb624e2ee7d7691fd0186d6d53f699a460d59f85e1d5e0f1b249b0a360ce88865)
2025-04-18T20:17:50.513068Z  INFO dex_bot_ab_backend::routes::liquidity_op: Processing liquidity operation: CancelOrder { order_id: 05805d96-a2c3-4c3c-bba8-21d02f8f4092 }
2025-04-18T20:17:50.513131Z  INFO dex_bot_ab_backend::utils::liquidity_handler: Liquidity operation with id=290ae212-b956-4515-94b8-d3cd62eec617 and type=CancelOrder { order_id: 05805d96-a2c3-4c3c-bba8-21d02f8f4092 } initiated
2025-04-18T20:18:28.146632Z  INFO dex_bot_ab_backend::routes::liquidity_op: Processing liquidity operation: LimitOrder { usdc_amount: "100000", limit_price: 0.385925, token: "0x940181a94A35A4569E4529A3CDfB74e38FD98631" }
2025-04-18T20:18:28.146683Z  INFO dex_bot_ab_backend::utils::liquidity_handler: Getting metadata...
2025-04-18T20:18:28.290531Z  INFO dex_bot_ab_backend::utils::liquidity_handler: Picking the right chainlink aggregator...
2025-04-18T20:18:28.290561Z  INFO dex_bot_ab_backend::utils::liquidity_handler: Aggregator picked: 0x4EC5970fC728C5f65ba413992CD5fF6FD70fcfF0
2025-04-18T20:18:28.290574Z  INFO dex_bot_ab_backend::utils::liquidity_handler: Spawning a monitoring task...
2025-04-18T20:18:28.290629Z  INFO dex_bot_ab_backend::utils::liquidity_handler: Liquidity operation with id=4be5d155-0ec4-458d-9cfa-0b5f47393779 and type=LimitOrder { usdc_amount: "100000", limit_price: 0.385925, token: "0x940181a94A35A4569E4529A3CDfB74e38FD98631" } initiated
2025-04-18T20:18:28.290819Z  INFO dex_bot_ab_backend::utils::liquidity_handler: Starting limit_order monitoring for account 0x6279f81f3758d1BFd05eFDF96E3979ddCca99Eab with target token 0x940181a94A35A4569E4529A3CDfB74e38FD98631 at limit 0.385925
2025-04-18T20:18:28.536708Z  INFO dex_bot_ab_backend::utils::liquidity_handler: usdc_amount_in: 100000
2025-04-18T20:18:28.536729Z  INFO dex_bot_ab_backend::utils::liquidity_handler: min_out: 251070797833180356
2025-04-18T20:18:28.536732Z  INFO dex_bot_ab_backend::utils::liquidity_handler: Route: from=0x833589fCD6eDb6E08f4c7C32D4f71b54bdA02913 to=0x940181a94A35A4569E4529A3CDfB74e38FD98631 stable=false factory=0x420DD381b31aEf6683db6B902084cB0FFECe40Da
2025-04-18T20:18:28.536739Z  INFO dex_bot_ab_backend::utils::liquidity_handler: user_addr: 0x6279f81f3758d1BFd05eFDF96E3979ddCca99Eab
2025-04-18T20:18:28.536742Z  INFO dex_bot_ab_backend::utils::liquidity_handler: deadline: 1745009308
2025-04-18T20:18:35.986714Z  INFO dex_bot_ab_backend::utils::liquidity_handler: do_single_swap: Swapped 100000 subunits of USDC for at least 251070797833180356 token_out. Tx=0xad32de6871c12ca165fc3739474cd34eab9656f47ceadfdb48f85027ba1786a7
2025-04-18T20:21:48.213891Z  INFO dex_bot_ab_backend::routes::liquidity_op: Processing liquidity operation: CancelOrder { order_id: 4be5d155-0ec4-458d-9cfa-0b5f47393779 }
2025-04-18T20:21:48.213957Z  INFO dex_bot_ab_backend::utils::liquidity_handler: Liquidity operation with id=f8d21049-99a9-400d-9b67-dc4341651481 and type=CancelOrder { order_id: 4be5d155-0ec4-458d-9cfa-0b5f47393779 } initiated
2025-04-18T20:22:31.179004Z  INFO dex_bot_ab_backend::routes::liquidity_op: Processing liquidity operation: LimitOrder { usdc_amount: "2000000", limit_price: 0.385925, token: "0x940181a94A35A4569E4529A3CDfB74e38FD98631" }
2025-04-18T20:22:31.179034Z  INFO dex_bot_ab_backend::utils::liquidity_handler: Getting metadata...
2025-04-18T20:22:31.299568Z  INFO dex_bot_ab_backend::utils::liquidity_handler: Picking the right chainlink aggregator...
2025-04-18T20:22:31.299595Z  INFO dex_bot_ab_backend::utils::liquidity_handler: Aggregator picked: 0x4EC5970fC728C5f65ba413992CD5fF6FD70fcfF0
2025-04-18T20:22:31.299608Z  INFO dex_bot_ab_backend::utils::liquidity_handler: Spawning a monitoring task...
2025-04-18T20:22:31.299658Z  INFO dex_bot_ab_backend::utils::liquidity_handler: Liquidity operation with id=32c031d7-7191-4678-a804-c32743f2fd72 and type=LimitOrder { usdc_amount: "2000000", limit_price: 0.385925, token: "0x940181a94A35A4569E4529A3CDfB74e38FD98631" } initiated
2025-04-18T20:22:31.299730Z  INFO dex_bot_ab_backend::utils::liquidity_handler: Starting limit_order monitoring for account 0x6279f81f3758d1BFd05eFDF96E3979ddCca99Eab with target token 0x940181a94A35A4569E4529A3CDfB74e38FD98631 at limit 0.385925
2025-04-18T20:22:31.550851Z  INFO dex_bot_ab_backend::utils::liquidity_handler: usdc_amount_in: 2000000
2025-04-18T20:22:31.550867Z  INFO dex_bot_ab_backend::utils::liquidity_handler: min_out: 5021380180374033107
2025-04-18T20:22:31.550870Z  INFO dex_bot_ab_backend::utils::liquidity_handler: Route: from=0x833589fCD6eDb6E08f4c7C32D4f71b54bdA02913 to=0x940181a94A35A4569E4529A3CDfB74e38FD98631 stable=false factory=0x420DD381b31aEf6683db6B902084cB0FFECe40Da
2025-04-18T20:22:31.550877Z  INFO dex_bot_ab_backend::utils::liquidity_handler: user_addr: 0x6279f81f3758d1BFd05eFDF96E3979ddCca99Eab
2025-04-18T20:22:31.550879Z  INFO dex_bot_ab_backend::utils::liquidity_handler: deadline: 1745009551
2025-04-18T20:22:38.179042Z  INFO dex_bot_ab_backend::utils::liquidity_handler: do_single_swap: Swapped 2000000 subunits of USDC for at least 5021380180374033107 token_out. Tx=0xde1cf38d3986f0e33d5daf958187e01476b955074924b726313303979106fc71
2025-04-18T20:22:42.508937Z  INFO dex_bot_ab_backend::utils::event_subscription: LiquidityManager event 'StakeExecuted' received at block 29109207: tx_hash=Some(0x30f6f900c14b60a0fe126f9784c5336e8317ac333032bd1f51113ea9d4382eaa)
2025-04-18T20:28:58.984858Z  INFO dex_bot_ab_backend::routes::liquidity_op: Processing liquidity operation: LimitOrder { usdc_amount: "1000000", limit_price: 0.385925, token: "0x940181a94A35A4569E4529A3CDfB74e38FD98631" }
2025-04-18T20:28:58.984887Z  INFO dex_bot_ab_backend::utils::liquidity_handler: Getting metadata...
2025-04-18T20:28:59.113209Z  INFO dex_bot_ab_backend::utils::liquidity_handler: Picking the right chainlink aggregator...
2025-04-18T20:28:59.113233Z  INFO dex_bot_ab_backend::utils::liquidity_handler: Aggregator picked: 0x4EC5970fC728C5f65ba413992CD5fF6FD70fcfF0
2025-04-18T20:28:59.113246Z  INFO dex_bot_ab_backend::utils::liquidity_handler: Spawning a monitoring task...
2025-04-18T20:28:59.113295Z  INFO dex_bot_ab_backend::utils::liquidity_handler: Liquidity operation with id=025ac5c9-8baf-4435-ad25-d3b68e24191c and type=LimitOrder { usdc_amount: "1000000", limit_price: 0.385925, token: "0x940181a94A35A4569E4529A3CDfB74e38FD98631" } initiated
2025-04-18T20:28:59.113373Z  INFO dex_bot_ab_backend::utils::liquidity_handler: Starting limit_order monitoring for account 0x6279f81f3758d1BFd05eFDF96E3979ddCca99Eab with target token 0x940181a94A35A4569E4529A3CDfB74e38FD98631 at limit 0.385925
2025-04-18T20:28:59.373042Z  INFO dex_bot_ab_backend::utils::liquidity_handler: usdc_amount_in: 1000000
2025-04-18T20:28:59.373058Z  INFO dex_bot_ab_backend::utils::liquidity_handler: min_out: 2510690453209707636
2025-04-18T20:28:59.373061Z  INFO dex_bot_ab_backend::utils::liquidity_handler: Route: from=0x833589fCD6eDb6E08f4c7C32D4f71b54bdA02913 to=0x940181a94A35A4569E4529A3CDfB74e38FD98631 stable=false factory=0x420DD381b31aEf6683db6B902084cB0FFECe40Da
2025-04-18T20:28:59.373069Z  INFO dex_bot_ab_backend::utils::liquidity_handler: user_addr: 0x6279f81f3758d1BFd05eFDF96E3979ddCca99Eab
2025-04-18T20:28:59.373071Z  INFO dex_bot_ab_backend::utils::liquidity_handler: deadline: 1745009939
2025-04-18T20:29:05.856398Z  INFO dex_bot_ab_backend::utils::liquidity_handler: do_single_swap: Swapped 1000000 subunits of USDC for at least 2510690453209707636 token_out. Tx=0xf5588fc7f35e05e350d7b27f5fda3e242c68471fe1d81fb447e5358dac1d84ca
2025-04-18T20:29:06.182755Z ERROR dex_bot_ab_backend::utils::liquidity_handler: Limit order monitoring failed for 0x6279f81f3758d1BFd05eFDF96E3979ddCca99Eab: ServerError(Insufficient token0 balance

Stack backtrace:
   0: anyhow::error::<impl anyhow::Error>::msg
   1: dex_bot_ab_backend::utils::liquidity_handler::<impl dex_bot_ab_backend::routes::liquidity_op::LiquidityOperation>::limit_order::{{closure}}::{{closure}}::{{closure}}
   2: dex_bot_ab_backend::utils::liquidity_handler::<impl dex_bot_ab_backend::routes::liquidity_op::LiquidityOperation>::limit_order::{{closure}}::{{closure}}
   3: tokio::runtime::task::core::Core<T,S>::poll
   4: tokio::runtime::task::harness::Harness<T,S>::poll
   5: tokio::runtime::scheduler::multi_thread::worker::Context::run_task
   6: tokio::runtime::scheduler::multi_thread::worker::Context::run
   7: tokio::runtime::context::runtime::enter_runtime
   8: tokio::runtime::scheduler::multi_thread::worker::run
   9: <tokio::runtime::blocking::task::BlockingTask<T> as core::future::future::Future>::poll
  10: tokio::runtime::task::core::Core<T,S>::poll
  11: tokio::runtime::task::harness::Harness<T,S>::poll
  12: tokio::runtime::blocking::pool::Inner::run
  13: std::sys::backtrace::__rust_begin_short_backtrace
  14: core::ops::function::FnOnce::call_once{{vtable.shim}}
  15: std::sys::pal::unix::thread::Thread::new::thread_start
  16: <unknown>
  17: <unknown>),    0: anyhow::error::<impl anyhow::Error>::msg
   1: dex_bot_ab_backend::utils::liquidity_handler::<impl dex_bot_ab_backend::routes::liquidity_op::LiquidityOperation>::limit_order::{{closure}}::{{closure}}::{{closure}}
   2: dex_bot_ab_backend::utils::liquidity_handler::<impl dex_bot_ab_backend::routes::liquidity_op::LiquidityOperation>::limit_order::{{closure}}::{{closure}}
   3: tokio::runtime::task::core::Core<T,S>::poll
   4: tokio::runtime::task::harness::Harness<T,S>::poll
   5: tokio::runtime::scheduler::multi_thread::worker::Context::run_task
   6: tokio::runtime::scheduler::multi_thread::worker::Context::run
   7: tokio::runtime::context::runtime::enter_runtime
   8: tokio::runtime::scheduler::multi_thread::worker::run
   9: <tokio::runtime::blocking::task::BlockingTask<T> as core::future::future::Future>::poll
  10: tokio::runtime::task::core::Core<T,S>::poll
  11: tokio::runtime::task::harness::Harness<T,S>::poll
  12: tokio::runtime::blocking::pool::Inner::run
  13: std::sys::backtrace::__rust_begin_short_backtrace
  14: core::ops::function::FnOnce::call_once{{vtable.shim}}
  15: std::sys::pal::unix::thread::Thread::new::thread_start
  16: <unknown>
  17: <unknown>

2025-04-18T20:31:03.926715Z  INFO dex_bot_ab_backend::routes::liquidity_op: Processing liquidity operation: CancelOrder { order_id: 025ac5c9-8baf-4435-ad25-d3b68e24191c }
2025-04-18T20:31:03.926786Z  INFO dex_bot_ab_backend::utils::liquidity_handler: Liquidity operation with id=3fc45f2e-1853-4e37-b013-c358b97909e9 and type=CancelOrder { order_id: 025ac5c9-8baf-4435-ad25-d3b68e24191c } initiated
2025-04-18T20:31:15.132676Z  INFO dex_bot_ab_backend::routes::liquidity_op: Processing liquidity operation: LimitOrder { usdc_amount: "1000000", limit_price: 0.385925, token: "0x940181a94A35A4569E4529A3CDfB74e38FD98631" }
2025-04-18T20:31:15.132759Z  INFO dex_bot_ab_backend::utils::liquidity_handler: Getting metadata...
2025-04-18T20:31:15.265123Z  INFO dex_bot_ab_backend::utils::liquidity_handler: Picking the right chainlink aggregator...
2025-04-18T20:31:15.265164Z  INFO dex_bot_ab_backend::utils::liquidity_handler: Aggregator picked: 0x4EC5970fC728C5f65ba413992CD5fF6FD70fcfF0
2025-04-18T20:31:15.265177Z  INFO dex_bot_ab_backend::utils::liquidity_handler: Spawning a monitoring task...
2025-04-18T20:31:15.265226Z  INFO dex_bot_ab_backend::utils::liquidity_handler: Liquidity operation with id=6c5dfab0-6d64-4c2e-a2f2-03b926413302 and type=LimitOrder { usdc_amount: "1000000", limit_price: 0.385925, token: "0x940181a94A35A4569E4529A3CDfB74e38FD98631" } initiated
2025-04-18T20:31:15.265303Z  INFO dex_bot_ab_backend::utils::liquidity_handler: Starting limit_order monitoring for account 0x6279f81f3758d1BFd05eFDF96E3979ddCca99Eab with target token 0x940181a94A35A4569E4529A3CDfB74e38FD98631 at limit 0.385925
2025-04-18T20:31:15.516523Z  INFO dex_bot_ab_backend::utils::liquidity_handler: usdc_amount_in: 1000000
2025-04-18T20:31:15.516544Z  INFO dex_bot_ab_backend::utils::liquidity_handler: min_out: 2510690167516278646
2025-04-18T20:31:15.516547Z  INFO dex_bot_ab_backend::utils::liquidity_handler: Route: from=0x833589fCD6eDb6E08f4c7C32D4f71b54bdA02913 to=0x940181a94A35A4569E4529A3CDfB74e38FD98631 stable=false factory=0x420DD381b31aEf6683db6B902084cB0FFECe40Da
2025-04-18T20:31:15.516554Z  INFO dex_bot_ab_backend::utils::liquidity_handler: user_addr: 0x6279f81f3758d1BFd05eFDF96E3979ddCca99Eab
2025-04-18T20:31:15.516557Z  INFO dex_bot_ab_backend::utils::liquidity_handler: deadline: 1745010075
2025-04-18T20:31:23.205887Z  INFO dex_bot_ab_backend::utils::liquidity_handler: do_single_swap: Swapped 1000000 subunits of USDC for at least 2510690167516278646 token_out. Tx=0x5b5f45705af62b18ece8096922a8b4f62da8cbb2a4651ced93bcf96005910ceb
2025-04-18T20:31:23.536764Z ERROR dex_bot_ab_backend::utils::liquidity_handler: Limit order monitoring failed for 0x6279f81f3758d1BFd05eFDF96E3979ddCca99Eab: ServerError(Insufficient token0 balance

Stack backtrace:
   0: anyhow::error::<impl anyhow::Error>::msg
   1: dex_bot_ab_backend::utils::liquidity_handler::<impl dex_bot_ab_backend::routes::liquidity_op::LiquidityOperation>::limit_order::{{closure}}::{{closure}}::{{closure}}
   2: dex_bot_ab_backend::utils::liquidity_handler::<impl dex_bot_ab_backend::routes::liquidity_op::LiquidityOperation>::limit_order::{{closure}}::{{closure}}
   3: tokio::runtime::task::core::Core<T,S>::poll
   4: tokio::runtime::task::harness::Harness<T,S>::poll
   5: tokio::runtime::scheduler::multi_thread::worker::Context::run_task
   6: tokio::runtime::scheduler::multi_thread::worker::Context::run
   7: tokio::runtime::context::runtime::enter_runtime
   8: tokio::runtime::scheduler::multi_thread::worker::run
   9: <tokio::runtime::blocking::task::BlockingTask<T> as core::future::future::Future>::poll
  10: tokio::runtime::task::core::Core<T,S>::poll
  11: tokio::runtime::task::harness::Harness<T,S>::poll
  12: tokio::runtime::blocking::pool::Inner::run
  13: std::sys::backtrace::__rust_begin_short_backtrace
  14: core::ops::function::FnOnce::call_once{{vtable.shim}}
  15: std::sys::pal::unix::thread::Thread::new::thread_start
  16: <unknown>
  17: <unknown>),    0: anyhow::error::<impl anyhow::Error>::msg
   1: dex_bot_ab_backend::utils::liquidity_handler::<impl dex_bot_ab_backend::routes::liquidity_op::LiquidityOperation>::limit_order::{{closure}}::{{closure}}::{{closure}}
   2: dex_bot_ab_backend::utils::liquidity_handler::<impl dex_bot_ab_backend::routes::liquidity_op::LiquidityOperation>::limit_order::{{closure}}::{{closure}}
   3: tokio::runtime::task::core::Core<T,S>::poll
   4: tokio::runtime::task::harness::Harness<T,S>::poll
   5: tokio::runtime::scheduler::multi_thread::worker::Context::run_task
   6: tokio::runtime::scheduler::multi_thread::worker::Context::run
   7: tokio::runtime::context::runtime::enter_runtime
   8: tokio::runtime::scheduler::multi_thread::worker::run
   9: <tokio::runtime::blocking::task::BlockingTask<T> as core::future::future::Future>::poll
  10: tokio::runtime::task::core::Core<T,S>::poll
  11: tokio::runtime::task::harness::Harness<T,S>::poll
  12: tokio::runtime::blocking::pool::Inner::run
  13: std::sys::backtrace::__rust_begin_short_backtrace
  14: core::ops::function::FnOnce::call_once{{vtable.shim}}
  15: std::sys::pal::unix::thread::Thread::new::thread_start
  16: <unknown>
  17: <unknown>

2025-04-18T20:33:37.900929Z  INFO dex_bot_ab_backend::routes::liquidity_op: Processing liquidity operation: LimitOrder { usdc_amount: "2000000", limit_price: 0.385925, token: "0x940181a94A35A4569E4529A3CDfB74e38FD98631" }
2025-04-18T20:33:37.900957Z  INFO dex_bot_ab_backend::utils::liquidity_handler: Getting metadata...
2025-04-18T20:33:38.053585Z  INFO dex_bot_ab_backend::utils::liquidity_handler: Picking the right chainlink aggregator...
2025-04-18T20:33:38.053611Z  INFO dex_bot_ab_backend::utils::liquidity_handler: Aggregator picked: 0x4EC5970fC728C5f65ba413992CD5fF6FD70fcfF0
2025-04-18T20:33:38.053626Z  INFO dex_bot_ab_backend::utils::liquidity_handler: Spawning a monitoring task...
2025-04-18T20:33:38.053679Z  INFO dex_bot_ab_backend::utils::liquidity_handler: Liquidity operation with id=e316b09e-8541-4e93-a86d-6235959946fb and type=LimitOrder { usdc_amount: "2000000", limit_price: 0.385925, token: "0x940181a94A35A4569E4529A3CDfB74e38FD98631" } initiated
2025-04-18T20:33:38.053760Z  INFO dex_bot_ab_backend::utils::liquidity_handler: Starting limit_order monitoring for account 0x6279f81f3758d1BFd05eFDF96E3979ddCca99Eab with target token 0x940181a94A35A4569E4529A3CDfB74e38FD98631 at limit 0.385925
2025-04-18T20:33:38.377988Z  INFO dex_bot_ab_backend::utils::liquidity_handler: usdc_amount_in: 2000000
2025-04-18T20:33:38.378008Z  INFO dex_bot_ab_backend::utils::liquidity_handler: min_out: 5020158704315091490
2025-04-18T20:33:38.378010Z  INFO dex_bot_ab_backend::utils::liquidity_handler: Route: from=0x833589fCD6eDb6E08f4c7C32D4f71b54bdA02913 to=0x940181a94A35A4569E4529A3CDfB74e38FD98631 stable=false factory=0x420DD381b31aEf6683db6B902084cB0FFECe40Da
2025-04-18T20:33:38.378018Z  INFO dex_bot_ab_backend::utils::liquidity_handler: user_addr: 0x6279f81f3758d1BFd05eFDF96E3979ddCca99Eab
2025-04-18T20:33:38.378020Z  INFO dex_bot_ab_backend::utils::liquidity_handler: deadline: 1745010218
2025-04-18T20:33:44.244388Z  INFO dex_bot_ab_backend::utils::liquidity_handler: do_single_swap: Swapped 2000000 subunits of USDC for at least 5020158704315091490 token_out. Tx=0x648287a8f2dcd48d5a7edd48f87114482797692d6be36edfde341f85d24114ae
2025-04-18T20:33:44.555271Z ERROR dex_bot_ab_backend::utils::liquidity_handler: Limit order monitoring failed for 0x6279f81f3758d1BFd05eFDF96E3979ddCca99Eab: ServerError(Insufficient token0 balance

Stack backtrace:
   0: anyhow::error::<impl anyhow::Error>::msg
   1: dex_bot_ab_backend::utils::liquidity_handler::<impl dex_bot_ab_backend::routes::liquidity_op::LiquidityOperation>::limit_order::{{closure}}::{{closure}}::{{closure}}
   2: dex_bot_ab_backend::utils::liquidity_handler::<impl dex_bot_ab_backend::routes::liquidity_op::LiquidityOperation>::limit_order::{{closure}}::{{closure}}
   3: tokio::runtime::task::core::Core<T,S>::poll
   4: tokio::runtime::task::harness::Harness<T,S>::poll
   5: tokio::runtime::scheduler::multi_thread::worker::Context::run_task
   6: tokio::runtime::scheduler::multi_thread::worker::Context::run
   7: tokio::runtime::context::runtime::enter_runtime
   8: tokio::runtime::scheduler::multi_thread::worker::run
   9: <tokio::runtime::blocking::task::BlockingTask<T> as core::future::future::Future>::poll
  10: tokio::runtime::task::core::Core<T,S>::poll
  11: tokio::runtime::task::harness::Harness<T,S>::poll
  12: tokio::runtime::blocking::pool::Inner::run
  13: std::sys::backtrace::__rust_begin_short_backtrace
  14: core::ops::function::FnOnce::call_once{{vtable.shim}}
  15: std::sys::pal::unix::thread::Thread::new::thread_start
  16: <unknown>
  17: <unknown>),    0: anyhow::error::<impl anyhow::Error>::msg
   1: dex_bot_ab_backend::utils::liquidity_handler::<impl dex_bot_ab_backend::routes::liquidity_op::LiquidityOperation>::limit_order::{{closure}}::{{closure}}::{{closure}}
   2: dex_bot_ab_backend::utils::liquidity_handler::<impl dex_bot_ab_backend::routes::liquidity_op::LiquidityOperation>::limit_order::{{closure}}::{{closure}}
   3: tokio::runtime::task::core::Core<T,S>::poll
   4: tokio::runtime::task::harness::Harness<T,S>::poll
   5: tokio::runtime::scheduler::multi_thread::worker::Context::run_task
   6: tokio::runtime::scheduler::multi_thread::worker::Context::run
   7: tokio::runtime::context::runtime::enter_runtime
   8: tokio::runtime::scheduler::multi_thread::worker::run
   9: <tokio::runtime::blocking::task::BlockingTask<T> as core::future::future::Future>::poll
  10: tokio::runtime::task::core::Core<T,S>::poll
  11: tokio::runtime::task::harness::Harness<T,S>::poll
  12: tokio::runtime::blocking::pool::Inner::run
  13: std::sys::backtrace::__rust_begin_short_backtrace
  14: core::ops::function::FnOnce::call_once{{vtable.shim}}
  15: std::sys::pal::unix::thread::Thread::new::thread_start
  16: <unknown>
  17: <unknown>

2025-04-18T20:37:59.544991Z ERROR alloy_rpc_client::poller: failed to poll err=error sending request for url (https://base-mainnet.g.alchemy.com/v2/pzSKImgG77H49yf5wPA0Tx4-zGocdAsW)